
> geoexplorer@0.1.0 start
> react-scripts start

Browserslist: browsers data (caniuse-lite) is 9 months old. Please run:
  npx update-browserslist-db@latest
  Why you should do it regularly: https://github.com/browserslist/update-db#readme
(node:2380) [DEP_WEBPACK_DEV_SERVER_ON_AFTER_SETUP_MIDDLEWARE] DeprecationWarning: 'onAfterSetupMiddleware' option is deprecated. Please use the 'setupMiddlewares' option.
(Use `node --trace-deprecation ...` to show where the warning was created)
(node:2380) [DEP_WEBPACK_DEV_SERVER_ON_BEFORE_SETUP_MIDDLEWARE] DeprecationWarning: 'onBeforeSetupMiddleware' option is deprecated. Please use the 'setupMiddlewares' option.
Starting the development server...

Compiled with warnings.

[eslint]
src/App.js
  Line 39:10:  'gameDifficulty' is assigned a value but never used                                                                 no-unused-vars
  Line 297:6:  React Hook useEffect has a missing dependency: 'handleMakeGuess'. Either include it or remove the dependency array  react-hooks/exhaustive-deps

src/components/SignIn.js
  Line 12:17:  'google' is defined but never used  no-unused-vars

Search for the keywords to learn more about each warning.
To ignore, add // eslint-disable-next-line to the line before.

WARNING in [eslint]
src/App.js
  Line 39:10:  'gameDifficulty' is assigned a value but never used                                                                 no-unused-vars
  Line 297:6:  React Hook useEffect has a missing dependency: 'handleMakeGuess'. Either include it or remove the dependency array  react-hooks/exhaustive-deps

src/components/SignIn.js
  Line 12:17:  'google' is defined but never used  no-unused-vars

webpack compiled with 1 warning
